<?xml version="1.0" encoding="UTF-8"?>
<coverage generated="1731068695539" clover="3.2.0">
  <project timestamp="1731068695539" name="All files">
    <metrics statements="274" coveredstatements="265" conditionals="39" coveredconditionals="36" methods="20" coveredmethods="18" elements="333" coveredelements="319" complexity="0" loc="274" ncloc="274" packages="6" files="10" classes="10"/>
    <package name="FULLSTACK-Habib-Sellami">
      <metrics statements="26" coveredstatements="26" conditionals="0" coveredconditionals="0" methods="0" coveredmethods="0"/>
      <file name="env.ts" path="D:\Projects\INSAT\TP2DEVOPS\FULLSTACK-Habib-Sellami\env.ts">
        <metrics statements="26" coveredstatements="26" conditionals="0" coveredconditionals="0" methods="0" coveredmethods="0"/>
        <line num="1" count="1" type="stmt"/>
        <line num="2" count="1" type="stmt"/>
        <line num="3" count="1" type="stmt"/>
        <line num="4" count="1" type="stmt"/>
        <line num="5" count="1" type="stmt"/>
        <line num="6" count="1" type="stmt"/>
        <line num="7" count="1" type="stmt"/>
        <line num="8" count="1" type="stmt"/>
        <line num="9" count="1" type="stmt"/>
        <line num="10" count="1" type="stmt"/>
        <line num="11" count="1" type="stmt"/>
        <line num="12" count="1" type="stmt"/>
        <line num="13" count="1" type="stmt"/>
        <line num="14" count="1" type="stmt"/>
        <line num="15" count="1" type="stmt"/>
        <line num="16" count="1" type="stmt"/>
        <line num="17" count="1" type="stmt"/>
        <line num="18" count="1" type="stmt"/>
        <line num="19" count="1" type="stmt"/>
        <line num="20" count="1" type="stmt"/>
        <line num="21" count="1" type="stmt"/>
        <line num="22" count="1" type="stmt"/>
        <line num="23" count="1" type="stmt"/>
        <line num="24" count="1" type="stmt"/>
        <line num="25" count="1" type="stmt"/>
        <line num="26" count="1" type="stmt"/>
      </file>
    </package>
    <package name="FULLSTACK-Habib-Sellami.src.config">
      <metrics statements="19" coveredstatements="17" conditionals="0" coveredconditionals="0" methods="0" coveredmethods="0"/>
      <file name="redisConfig.ts" path="D:\Projects\INSAT\TP2DEVOPS\FULLSTACK-Habib-Sellami\src\config\redisConfig.ts">
        <metrics statements="19" coveredstatements="17" conditionals="0" coveredconditionals="0" methods="0" coveredmethods="0"/>
        <line num="1" count="1" type="stmt"/>
        <line num="2" count="1" type="stmt"/>
        <line num="3" count="1" type="stmt"/>
        <line num="4" count="1" type="stmt"/>
        <line num="5" count="1" type="stmt"/>
        <line num="6" count="1" type="stmt"/>
        <line num="7" count="1" type="stmt"/>
        <line num="8" count="1" type="stmt"/>
        <line num="9" count="1" type="stmt"/>
        <line num="10" count="1" type="stmt"/>
        <line num="11" count="1" type="stmt"/>
        <line num="12" count="0" type="stmt"/>
        <line num="13" count="1" type="stmt"/>
        <line num="14" count="1" type="stmt"/>
        <line num="15" count="1" type="stmt"/>
        <line num="16" count="0" type="stmt"/>
        <line num="17" count="1" type="stmt"/>
        <line num="18" count="1" type="stmt"/>
        <line num="19" count="1" type="stmt"/>
      </file>
    </package>
    <package name="FULLSTACK-Habib-Sellami.src.repositories">
      <metrics statements="67" coveredstatements="65" conditionals="12" coveredconditionals="11" methods="7" coveredmethods="6"/>
      <file name="base.repository.ts" path="D:\Projects\INSAT\TP2DEVOPS\FULLSTACK-Habib-Sellami\src\repositories\base.repository.ts">
        <metrics statements="58" coveredstatements="58" conditionals="12" coveredconditionals="11" methods="6" coveredmethods="6"/>
        <line num="1" count="1" type="stmt"/>
        <line num="2" count="1" type="stmt"/>
        <line num="3" count="1" type="stmt"/>
        <line num="4" count="1" type="stmt"/>
        <line num="5" count="1" type="stmt"/>
        <line num="6" count="1" type="stmt"/>
        <line num="7" count="1" type="stmt"/>
        <line num="8" count="7" type="cond" truecount="1" falsecount="0"/>
        <line num="9" count="7" type="stmt"/>
        <line num="10" count="7" type="stmt"/>
        <line num="11" count="7" type="stmt"/>
        <line num="12" count="7" type="stmt"/>
        <line num="13" count="7" type="stmt"/>
        <line num="14" count="7" type="cond" truecount="1" falsecount="0"/>
        <line num="15" count="7" type="cond" truecount="0" falsecount="1"/>
        <line num="16" count="7" type="stmt"/>
        <line num="17" count="7" type="stmt"/>
        <line num="18" count="7" type="stmt"/>
        <line num="19" count="7" type="stmt"/>
        <line num="20" count="7" type="cond" truecount="1" falsecount="0"/>
        <line num="21" count="7" type="stmt"/>
        <line num="22" count="7" type="stmt"/>
        <line num="23" count="7" type="stmt"/>
        <line num="24" count="7" type="cond" truecount="1" falsecount="0"/>
        <line num="25" count="3" type="stmt"/>
        <line num="26" count="3" type="stmt"/>
        <line num="27" count="3" type="cond" truecount="1" falsecount="0"/>
        <line num="28" count="1" type="stmt"/>
        <line num="29" count="1" type="stmt"/>
        <line num="30" count="2" type="cond" truecount="1" falsecount="0"/>
        <line num="31" count="2" type="stmt"/>
        <line num="32" count="2" type="stmt"/>
        <line num="33" count="2" type="stmt"/>
        <line num="34" count="3" type="cond" truecount="1" falsecount="0"/>
        <line num="35" count="1" type="stmt"/>
        <line num="36" count="1" type="stmt"/>
        <line num="37" count="3" type="stmt"/>
        <line num="38" count="7" type="stmt"/>
        <line num="39" count="7" type="cond" truecount="1" falsecount="0"/>
        <line num="40" count="2" type="stmt"/>
        <line num="41" count="2" type="stmt"/>
        <line num="42" count="2" type="stmt"/>
        <line num="43" count="2" type="stmt"/>
        <line num="44" count="1" type="cond" truecount="1" falsecount="0"/>
        <line num="45" count="1" type="stmt"/>
        <line num="46" count="1" type="stmt"/>
        <line num="47" count="1" type="stmt"/>
        <line num="48" count="2" type="stmt"/>
        <line num="49" count="7" type="stmt"/>
        <line num="50" count="7" type="cond" truecount="1" falsecount="0"/>
        <line num="51" count="2" type="stmt"/>
        <line num="52" count="2" type="stmt"/>
        <line num="53" count="2" type="stmt"/>
        <line num="54" count="1" type="cond" truecount="1" falsecount="0"/>
        <line num="55" count="1" type="stmt"/>
        <line num="56" count="1" type="stmt"/>
        <line num="57" count="2" type="stmt"/>
        <line num="58" count="7" type="stmt"/>
      </file>
      <file name="user.repository.ts" path="D:\Projects\INSAT\TP2DEVOPS\FULLSTACK-Habib-Sellami\src\repositories\user.repository.ts">
        <metrics statements="9" coveredstatements="7" conditionals="0" coveredconditionals="0" methods="1" coveredmethods="0"/>
        <line num="1" count="1" type="stmt"/>
        <line num="2" count="1" type="stmt"/>
        <line num="3" count="1" type="stmt"/>
        <line num="4" count="1" type="stmt"/>
        <line num="5" count="1" type="stmt"/>
        <line num="6" count="1" type="stmt"/>
        <line num="7" count="0" type="stmt"/>
        <line num="8" count="0" type="stmt"/>
        <line num="9" count="1" type="stmt"/>
      </file>
    </package>
    <package name="FULLSTACK-Habib-Sellami.src.schemas">
      <metrics statements="19" coveredstatements="19" conditionals="0" coveredconditionals="0" methods="0" coveredmethods="0"/>
      <file name="base.schema.ts" path="D:\Projects\INSAT\TP2DEVOPS\FULLSTACK-Habib-Sellami\src\schemas\base.schema.ts">
        <metrics statements="8" coveredstatements="8" conditionals="0" coveredconditionals="0" methods="0" coveredmethods="0"/>
        <line num="1" count="1" type="stmt"/>
        <line num="2" count="1" type="stmt"/>
        <line num="3" count="1" type="stmt"/>
        <line num="4" count="1" type="stmt"/>
        <line num="5" count="1" type="stmt"/>
        <line num="6" count="1" type="stmt"/>
        <line num="7" count="1" type="stmt"/>
        <line num="8" count="1" type="stmt"/>
      </file>
      <file name="userSchema.ts" path="D:\Projects\INSAT\TP2DEVOPS\FULLSTACK-Habib-Sellami\src\schemas\userSchema.ts">
        <metrics statements="11" coveredstatements="11" conditionals="0" coveredconditionals="0" methods="0" coveredmethods="0"/>
        <line num="1" count="1" type="stmt"/>
        <line num="2" count="1" type="stmt"/>
        <line num="3" count="1" type="stmt"/>
        <line num="4" count="1" type="stmt"/>
        <line num="5" count="1" type="stmt"/>
        <line num="6" count="1" type="stmt"/>
        <line num="7" count="1" type="stmt"/>
        <line num="8" count="1" type="stmt"/>
        <line num="9" count="1" type="stmt"/>
        <line num="10" count="1" type="stmt"/>
        <line num="11" count="1" type="stmt"/>
      </file>
    </package>
    <package name="FULLSTACK-Habib-Sellami.src.services">
      <metrics statements="106" coveredstatements="101" conditionals="20" coveredconditionals="18" methods="10" coveredmethods="9"/>
      <file name="auth.service.ts" path="D:\Projects\INSAT\TP2DEVOPS\FULLSTACK-Habib-Sellami\src\services\auth.service.ts">
        <metrics statements="54" coveredstatements="49" conditionals="8" coveredconditionals="8" methods="6" coveredmethods="5"/>
        <line num="1" count="1" type="stmt"/>
        <line num="2" count="1" type="stmt"/>
        <line num="3" count="1" type="stmt"/>
        <line num="4" count="1" type="stmt"/>
        <line num="5" count="1" type="stmt"/>
        <line num="6" count="1" type="stmt"/>
        <line num="7" count="1" type="stmt"/>
        <line num="8" count="6" type="cond" truecount="1" falsecount="0"/>
        <line num="9" count="6" type="stmt"/>
        <line num="10" count="6" type="stmt"/>
        <line num="11" count="6" type="cond" truecount="1" falsecount="0"/>
        <line num="12" count="6" type="stmt"/>
        <line num="13" count="6" type="stmt"/>
        <line num="14" count="6" type="stmt"/>
        <line num="15" count="6" type="stmt"/>
        <line num="16" count="0" type="stmt"/>
        <line num="17" count="0" type="stmt"/>
        <line num="18" count="0" type="stmt"/>
        <line num="19" count="0" type="stmt"/>
        <line num="20" count="0" type="stmt"/>
        <line num="21" count="6" type="stmt"/>
        <line num="22" count="6" type="cond" truecount="1" falsecount="0"/>
        <line num="23" count="2" type="stmt"/>
        <line num="24" count="2" type="stmt"/>
        <line num="25" count="2" type="cond" truecount="1" falsecount="0"/>
        <line num="26" count="1" type="stmt"/>
        <line num="27" count="1" type="stmt"/>
        <line num="28" count="1" type="stmt"/>
        <line num="29" count="1" type="stmt"/>
        <line num="30" count="1" type="stmt"/>
        <line num="31" count="1" type="stmt"/>
        <line num="32" count="2" type="stmt"/>
        <line num="33" count="2" type="stmt"/>
        <line num="34" count="2" type="stmt"/>
        <line num="35" count="6" type="stmt"/>
        <line num="36" count="6" type="cond" truecount="1" falsecount="0"/>
        <line num="37" count="2" type="stmt"/>
        <line num="38" count="2" type="cond" truecount="1" falsecount="0"/>
        <line num="39" count="1" type="stmt"/>
        <line num="40" count="1" type="stmt"/>
        <line num="41" count="1" type="stmt"/>
        <line num="42" count="1" type="stmt"/>
        <line num="43" count="6" type="stmt"/>
        <line num="44" count="6" type="cond" truecount="1" falsecount="0"/>
        <line num="45" count="2" type="stmt"/>
        <line num="46" count="2" type="cond" truecount="1" falsecount="0"/>
        <line num="47" count="1" type="stmt"/>
        <line num="48" count="1" type="stmt"/>
        <line num="49" count="1" type="stmt"/>
        <line num="50" count="1" type="stmt"/>
        <line num="51" count="1" type="stmt"/>
        <line num="52" count="6" type="stmt"/>
        <line num="53" count="1" type="stmt"/>
        <line num="54" count="1" type="stmt"/>
      </file>
      <file name="justify.service.ts" path="D:\Projects\INSAT\TP2DEVOPS\FULLSTACK-Habib-Sellami\src\services\justify.service.ts">
        <metrics statements="52" coveredstatements="52" conditionals="12" coveredconditionals="10" methods="4" coveredmethods="4"/>
        <line num="1" count="8" type="cond" truecount="1" falsecount="0"/>
        <line num="2" count="8" type="stmt"/>
        <line num="3" count="8" type="stmt"/>
        <line num="4" count="8" type="cond" truecount="1" falsecount="0"/>
        <line num="5" count="8" type="cond" truecount="0" falsecount="1"/>
        <line num="6" count="8" type="stmt"/>
        <line num="7" count="8" type="stmt"/>
        <line num="8" count="8" type="cond" truecount="1" falsecount="0"/>
        <line num="9" count="6" type="stmt"/>
        <line num="10" count="6" type="stmt"/>
        <line num="11" count="6" type="stmt"/>
        <line num="12" count="6" type="stmt"/>
        <line num="13" count="6" type="stmt"/>
        <line num="14" count="6" type="stmt"/>
        <line num="15" count="6" type="cond" truecount="1" falsecount="0"/>
        <line num="16" count="358" type="cond" truecount="1" falsecount="0"/>
        <line num="17" count="25" type="stmt"/>
        <line num="18" count="25" type="stmt"/>
        <line num="19" count="25" type="stmt"/>
        <line num="20" count="25" type="stmt"/>
        <line num="21" count="358" type="stmt"/>
        <line num="22" count="358" type="stmt"/>
        <line num="23" count="358" type="stmt"/>
        <line num="24" count="6" type="stmt"/>
        <line num="25" count="6" type="stmt"/>
        <line num="26" count="6" type="stmt"/>
        <line num="27" count="6" type="stmt"/>
        <line num="28" count="6" type="stmt"/>
        <line num="29" count="6" type="stmt"/>
        <line num="30" count="6" type="stmt"/>
        <line num="31" count="6" type="stmt"/>
        <line num="32" count="8" type="stmt"/>
        <line num="33" count="8" type="cond" truecount="1" falsecount="0"/>
        <line num="34" count="27" type="cond" truecount="0" falsecount="1"/>
        <line num="35" count="27" type="stmt"/>
        <line num="36" count="27" type="cond" truecount="1" falsecount="0"/>
        <line num="37" count="27" type="stmt"/>
        <line num="38" count="27" type="stmt"/>
        <line num="39" count="27" type="stmt"/>
        <line num="40" count="27" type="stmt"/>
        <line num="41" count="27" type="stmt"/>
        <line num="42" count="27" type="stmt"/>
        <line num="43" count="27" type="cond" truecount="1" falsecount="0"/>
        <line num="44" count="309" type="cond" truecount="2" falsecount="0"/>
        <line num="45" count="309" type="stmt"/>
        <line num="46" count="27" type="stmt"/>
        <line num="47" count="27" type="stmt"/>
        <line num="48" count="27" type="stmt"/>
        <line num="49" count="27" type="stmt"/>
        <line num="50" count="8" type="stmt"/>
        <line num="51" count="1" type="stmt"/>
        <line num="52" count="1" type="stmt"/>
      </file>
    </package>
    <package name="FULLSTACK-Habib-Sellami.src.utils">
      <metrics statements="37" coveredstatements="37" conditionals="7" coveredconditionals="7" methods="3" coveredmethods="3"/>
      <file name="CustomError.ts" path="D:\Projects\INSAT\TP2DEVOPS\FULLSTACK-Habib-Sellami\src\utils\CustomError.ts">
        <metrics statements="13" coveredstatements="13" conditionals="2" coveredconditionals="2" methods="2" coveredmethods="2"/>
        <line num="1" count="1" type="stmt"/>
        <line num="2" count="1" type="stmt"/>
        <line num="3" count="7" type="cond" truecount="1" falsecount="0"/>
        <line num="4" count="7" type="stmt"/>
        <line num="5" count="7" type="stmt"/>
        <line num="6" count="7" type="cond" truecount="1" falsecount="0"/>
        <line num="7" count="7" type="stmt"/>
        <line num="8" count="7" type="stmt"/>
        <line num="9" count="7" type="stmt"/>
        <line num="10" count="7" type="stmt"/>
        <line num="11" count="7" type="stmt"/>
        <line num="12" count="7" type="stmt"/>
        <line num="13" count="7" type="stmt"/>
      </file>
      <file name="envValidator.ts" path="D:\Projects\INSAT\TP2DEVOPS\FULLSTACK-Habib-Sellami\src\utils\envValidator.ts">
        <metrics statements="24" coveredstatements="24" conditionals="5" coveredconditionals="5" methods="1" coveredmethods="1"/>
        <line num="1" count="1" type="stmt"/>
        <line num="2" count="1" type="stmt"/>
        <line num="3" count="1" type="stmt"/>
        <line num="4" count="1" type="stmt"/>
        <line num="5" count="1" type="stmt"/>
        <line num="6" count="1" type="stmt"/>
        <line num="7" count="1" type="stmt"/>
        <line num="8" count="1" type="stmt"/>
        <line num="9" count="1" type="stmt"/>
        <line num="10" count="1" type="stmt"/>
        <line num="11" count="9" type="cond" truecount="1" falsecount="0"/>
        <line num="12" count="9" type="stmt"/>
        <line num="13" count="9" type="cond" truecount="1" falsecount="0"/>
        <line num="14" count="3" type="stmt"/>
        <line num="15" count="3" type="stmt"/>
        <line num="16" count="6" type="cond" truecount="2" falsecount="0"/>
        <line num="17" count="6" type="stmt"/>
        <line num="18" count="6" type="stmt"/>
        <line num="19" count="7" type="cond" truecount="1" falsecount="0"/>
        <line num="20" count="3" type="stmt"/>
        <line num="21" count="3" type="stmt"/>
        <line num="22" count="3" type="stmt"/>
        <line num="23" count="3" type="stmt"/>
        <line num="24" count="3" type="stmt"/>
      </file>
    </package>
  </project>
</coverage>
