TN:
SF:env.ts
FNF:0
FNH:0
DA:1,1
DA:2,1
DA:3,1
DA:4,1
DA:5,1
DA:6,1
DA:7,1
DA:8,1
DA:9,1
DA:10,1
DA:11,1
DA:12,1
DA:13,1
DA:14,1
DA:15,1
DA:16,1
DA:17,1
DA:18,1
DA:19,1
DA:20,1
DA:21,1
DA:22,1
DA:23,1
DA:24,1
DA:25,1
DA:26,1
LF:26
LH:26
BRF:0
BRH:0
end_of_record
TN:
SF:src\config\redisConfig.ts
FNF:0
FNH:0
DA:1,1
DA:2,1
DA:3,1
DA:4,1
DA:5,1
DA:6,1
DA:7,1
DA:8,1
DA:9,1
DA:10,1
DA:11,1
DA:12,0
DA:13,1
DA:14,1
DA:15,1
DA:16,0
DA:17,1
DA:18,1
DA:19,1
LF:19
LH:17
BRF:0
BRH:0
end_of_record
TN:
SF:src\repositories\base.repository.ts
FN:8,<instance_members_initializer>
FN:14,BaseRepository
FN:20,buildKey
FN:24,get
FN:39,set
FN:50,delete
FNF:6
FNH:6
FNDA:7,<instance_members_initializer>
FNDA:7,BaseRepository
FNDA:7,buildKey
FNDA:3,get
FNDA:2,set
FNDA:2,delete
DA:1,1
DA:2,1
DA:3,1
DA:4,1
DA:5,1
DA:6,1
DA:7,1
DA:8,7
DA:9,7
DA:10,7
DA:11,7
DA:12,7
DA:13,7
DA:14,7
DA:15,7
DA:16,7
DA:17,7
DA:18,7
DA:19,7
DA:20,7
DA:21,7
DA:22,7
DA:23,7
DA:24,7
DA:25,3
DA:26,3
DA:27,3
DA:28,1
DA:29,1
DA:30,2
DA:31,2
DA:32,2
DA:33,2
DA:34,3
DA:35,1
DA:36,1
DA:37,3
DA:38,7
DA:39,7
DA:40,2
DA:41,2
DA:42,2
DA:43,2
DA:44,1
DA:45,1
DA:46,1
DA:47,1
DA:48,2
DA:49,7
DA:50,7
DA:51,2
DA:52,2
DA:53,2
DA:54,1
DA:55,1
DA:56,1
DA:57,2
DA:58,7
LF:58
LH:58
BRDA:8,0,0,7
BRDA:14,1,0,7
BRDA:15,2,0,0
BRDA:20,3,0,7
BRDA:24,4,0,3
BRDA:27,5,0,1
BRDA:30,6,0,2
BRDA:34,7,0,1
BRDA:39,8,0,2
BRDA:44,9,0,1
BRDA:50,10,0,2
BRDA:54,11,0,1
BRF:12
BRH:11
end_of_record
TN:
SF:src\repositories\user.repository.ts
FN:6,UserRepository
FNF:1
FNH:0
FNDA:0,UserRepository
DA:1,1
DA:2,1
DA:3,1
DA:4,1
DA:5,1
DA:6,1
DA:7,0
DA:8,0
DA:9,1
LF:9
LH:7
BRF:0
BRH:0
end_of_record
TN:
SF:src\schemas\base.schema.ts
FNF:0
FNH:0
DA:1,1
DA:2,1
DA:3,1
DA:4,1
DA:5,1
DA:6,1
DA:7,1
DA:8,1
LF:8
LH:8
BRF:0
BRH:0
end_of_record
TN:
SF:src\schemas\userSchema.ts
FNF:0
FNH:0
DA:1,1
DA:2,1
DA:3,1
DA:4,1
DA:5,1
DA:6,1
DA:7,1
DA:8,1
DA:9,1
DA:10,1
DA:11,1
LF:11
LH:11
BRF:0
BRH:0
end_of_record
TN:
SF:src\services\auth.service.ts
FN:8,<instance_members_initializer>
FN:11,AuthService
FN:15,createUser
FN:22,generateToken
FN:36,getUserDetails
FN:44,updateWordCount
FNF:6
FNH:5
FNDA:6,<instance_members_initializer>
FNDA:6,AuthService
FNDA:0,createUser
FNDA:2,generateToken
FNDA:2,getUserDetails
FNDA:2,updateWordCount
DA:1,1
DA:2,1
DA:3,1
DA:4,1
DA:5,1
DA:6,1
DA:7,1
DA:8,6
DA:9,6
DA:10,6
DA:11,6
DA:12,6
DA:13,6
DA:14,6
DA:15,6
DA:16,0
DA:17,0
DA:18,0
DA:19,0
DA:20,0
DA:21,6
DA:22,6
DA:23,2
DA:24,2
DA:25,2
DA:26,1
DA:27,1
DA:28,1
DA:29,1
DA:30,1
DA:31,1
DA:32,2
DA:33,2
DA:34,2
DA:35,6
DA:36,6
DA:37,2
DA:38,2
DA:39,1
DA:40,1
DA:41,1
DA:42,1
DA:43,6
DA:44,6
DA:45,2
DA:46,2
DA:47,1
DA:48,1
DA:49,1
DA:50,1
DA:51,1
DA:52,6
DA:53,1
DA:54,1
LF:54
LH:49
BRDA:8,0,0,6
BRDA:11,1,0,6
BRDA:22,2,0,2
BRDA:25,3,0,1
BRDA:36,4,0,2
BRDA:38,5,0,1
BRDA:44,6,0,2
BRDA:46,7,0,1
BRF:8
BRH:8
end_of_record
TN:
SF:src\services\justify.service.ts
FN:1,<instance_members_initializer>
FN:4,JustifyService
FN:8,justifyText
FN:33,justifyLine
FNF:4
FNH:4
FNDA:8,<instance_members_initializer>
FNDA:8,JustifyService
FNDA:6,justifyText
FNDA:27,justifyLine
DA:1,8
DA:2,8
DA:3,8
DA:4,8
DA:5,8
DA:6,8
DA:7,8
DA:8,8
DA:9,6
DA:10,6
DA:11,6
DA:12,6
DA:13,6
DA:14,6
DA:15,6
DA:16,358
DA:17,25
DA:18,25
DA:19,25
DA:20,25
DA:21,358
DA:22,358
DA:23,358
DA:24,6
DA:25,6
DA:26,6
DA:27,6
DA:28,6
DA:29,6
DA:30,6
DA:31,6
DA:32,8
DA:33,8
DA:34,27
DA:35,27
DA:36,27
DA:37,27
DA:38,27
DA:39,27
DA:40,27
DA:41,27
DA:42,27
DA:43,27
DA:44,309
DA:45,309
DA:46,27
DA:47,27
DA:48,27
DA:49,27
DA:50,8
DA:51,1
DA:52,1
LF:52
LH:52
BRDA:1,0,0,8
BRDA:4,1,0,8
BRDA:5,2,0,0
BRDA:8,3,0,6
BRDA:15,4,0,358
BRDA:16,5,0,25
BRDA:33,6,0,27
BRDA:34,7,0,0
BRDA:43,8,0,309
BRDA:44,9,0,68
BRDA:44,10,0,241
BRDA:36,11,0,336
BRF:12
BRH:10
end_of_record
TN:
SF:src\utils\CustomError.ts
FN:3,<instance_members_initializer>
FN:6,CustomError
FNF:2
FNH:2
FNDA:7,<instance_members_initializer>
FNDA:7,CustomError
DA:1,1
DA:2,1
DA:3,7
DA:4,7
DA:5,7
DA:6,7
DA:7,7
DA:8,7
DA:9,7
DA:10,7
DA:11,7
DA:12,7
DA:13,7
LF:13
LH:13
BRDA:3,0,0,7
BRDA:6,1,0,7
BRF:2
BRH:2
end_of_record
TN:
SF:src\utils\envValidator.ts
FN:11,createEnv
FNF:1
FNH:1
FNDA:9,createEnv
DA:1,1
DA:2,1
DA:3,1
DA:4,1
DA:5,1
DA:6,1
DA:7,1
DA:8,1
DA:9,1
DA:10,1
DA:11,9
DA:12,9
DA:13,9
DA:14,3
DA:15,3
DA:16,6
DA:17,6
DA:18,6
DA:19,7
DA:20,3
DA:21,3
DA:22,3
DA:23,3
DA:24,3
LF:24
LH:24
BRDA:11,0,0,9
BRDA:13,1,0,3
BRDA:16,2,0,7
BRDA:16,3,0,6
BRDA:19,4,0,3
BRF:5
BRH:5
end_of_record
